java.lang.Exception: java.lang.OutOfMemoryError: Java heap space
	at org.apache.hadoop.mapred.LocalJobRunner$Job.run(LocalJobRunner.java:354)
Caused by: java.lang.OutOfMemoryError: Java heap space
	at java.util.Arrays.copyOf(Arrays.java:2894)
	at java.lang.StringCoding.safeTrim(StringCoding.java:93)
	at java.lang.StringCoding.access$100(StringCoding.java:52)
	at java.lang.StringCoding$StringDecoder.decode(StringCoding.java:169)
	at java.lang.StringCoding.decode(StringCoding.java:191)
	at java.lang.String.<init>(String.java:451)
	at org.apache.commons.httpclient.util.EncodingUtil.getString(EncodingUtil.java:163)
	at org.apache.commons.httpclient.util.EncodingUtil.getString(EncodingUtil.java:186)
	at org.apache.commons.httpclient.HttpMethodBase.getResponseBodyAsString(HttpMethodBase.java:738)
	at com.gs.extractor.HTMLDownloader.down(HTMLDownloader.java:20)
	at com.gs.crawler.Crawler.crawl(Crawler.java:65)
	at com.gs.test.Test1$CrawlMapper.map(Test1.java:47)
	at com.gs.test.Test1$CrawlMapper.map(Test1.java:1)
	at org.apache.hadoop.mapreduce.Mapper.run(Mapper.java:145)
	at org.apache.hadoop.mapred.MapTask.runNewMapper(MapTask.java:764)
	at org.apache.hadoop.mapred.MapTask.run(MapTask.java:364)
	at org.apache.hadoop.mapred.LocalJobRunner$Job$MapTaskRunnable.run(LocalJobRunner.java:223)
	at java.util.concurrent.Executors$RunnableAdapter.call(Executors.java:471)
	at java.util.concurrent.FutureTask$Sync.innerRun(FutureTask.java:334)
	at java.util.concurrent.FutureTask.run(FutureTask.java:166)
	at java.util.concurrent.ThreadPoolExecutor.runWorker(ThreadPoolExecutor.java:1146)
	at java.util.concurrent.ThreadPoolExecutor$Worker.run(ThreadPoolExecutor.java:615)
	at java.lang.Thread.run(Thread.java:679)
	
redis里面显示27772